2020-04-30 14:45:17,829:INFO:Steam user init called
2020-04-30 14:45:17,835:INFO:Driver main started
2020-04-30 14:45:18,160:INFO:Loading SteamUI
2020-04-30 14:45:18,160:INFO:SteamUI init called
2020-04-30 14:45:18,183:INFO:Loading dialog init
2020-04-30 14:45:21,475:INFO:About init called
2020-04-30 14:45:21,477:INFO:About UI setup
2020-04-30 18:29:10,250:DEBUG:Check connection if block
2020-04-30 18:30:47,537:DEBUG:Check connection if block
2020-04-30 18:31:49,476:DEBUG:Check connection if block
2020-04-30 18:32:23,876:DEBUG:Check connection if block
2020-04-30 18:32:23,878:DEBUG:Starting new HTTPS connection (1): us.battle.net:443
2020-04-30 18:32:24,086:DEBUG:https://us.battle.net:443 "POST /oauth/token HTTP/1.1" 200 None
2020-04-30 18:34:15,316:DEBUG:Check connection if block
2020-04-30 18:34:15,318:DEBUG:Starting new HTTPS connection (1): us.battle.net:443
2020-04-30 18:34:15,491:DEBUG:https://us.battle.net:443 "POST /oauth/token HTTP/1.1" 200 None
2020-05-01 18:54:43,592:INFO:OAuth2Blizz init called
2020-05-01 18:54:43,863:DEBUG:Check connection if block
2020-05-01 18:54:43,950:DEBUG:Starting new HTTPS connection (1): us.battle.net:443
2020-05-01 18:54:44,992:DEBUG:https://us.battle.net:443 "POST /oauth/token HTTP/1.1" 200 None
2020-05-01 18:58:00,272:INFO:OAuth2Blizz init called
2020-05-01 18:58:00,540:DEBUG:Check connection if block
2020-05-01 18:58:00,542:DEBUG:Starting new HTTPS connection (1): us.battle.net:443
2020-05-01 18:58:00,748:DEBUG:https://us.battle.net:443 "POST /oauth/token HTTP/1.1" 200 None
2020-05-01 18:58:18,985:INFO:OAuth2Blizz init called
2020-05-01 18:58:19,228:DEBUG:Check connection if block
2020-05-01 18:58:19,231:DEBUG:Starting new HTTPS connection (1): us.battle.net:443
2020-05-01 18:58:19,440:DEBUG:https://us.battle.net:443 "POST /oauth/token HTTP/1.1" 200 None
2020-05-01 19:31:00,464:INFO:OAuth2Blizz init called
2020-05-01 19:31:00,745:DEBUG:Check connection if block
2020-05-01 19:31:00,748:DEBUG:Starting new HTTPS connection (1): us.battle.net:443
2020-05-01 19:31:00,978:DEBUG:https://us.battle.net:443 "POST /oauth/token HTTP/1.1" 200 None
